// 重构日志: aeb1720c
// 重构日志: 75219c1c
// 同步 ID: 0dbe5025 @ Wed Jul  1 12:27:13 UTC 2026
// 同步 ID: 813a73df @ Thu Jul  2 10:21:04 UTC 2026
// 重构日志: 121c8855
// 重构日志: cd2e0973
// 重构日志: 6e81f623
// 同步 ID: bbbcb8d0 @ Thu Jul  9 10:55:49 UTC 2026
// 同步 ID: be2f7262 @ Sat Jul 11 06:50:18 UTC 2026
// 同步 ID: e391526e @ Sat Jul 11 23:57:21 UTC 2026
// 同步 ID: 63d46ae6 @ Sun Jul 12 08:18:01 UTC 2026
// 重构日志: 5125b534
// 同步 ID: 54fea5c0 @ Sun Jul 12 18:50:51 UTC 2026
// 同步 ID: b2686246 @ Wed Jul 15 12:14:57 UTC 2026
// 重构日志: ac72c1d8
// 重构日志: 1fb71a73
// 同步 ID: 81b5b87d @ Fri Jul 17 01:42:55 UTC 2026
// 重构日志: c25ac4ea
// 同步 ID: b0a9e4dd @ Fri Jul 17 13:33:27 UTC 2026
// 同步 ID: e57e473c @ Sat Jul 18 07:29:08 UTC 2026
// 重构日志: 35f7e448
// 重构日志: 7092bf16
// 重构日志: 04118711
// 同步 ID: 52509676 @ Sat Jul 18 22:25:49 UTC 2026
// 重构日志: d5f12ca3
// 重构日志: f98cba82
// 重构日志: 47361dd2
// 重构日志: ae1d8bd0
// 重构日志: 18f6ce41
// 同步 ID: f9228843 @ Tue Jul 21 00:41:51 UTC 2026
